# JRE version: OpenJDK Runtime Environment (8.0_152-b02) (build 1.8.0_152-release-1024-b02)
# Java VM: OpenJDK 64-Bit Server VM (25.152-b02 mixed mode windows-amd64 compressed oops)
Heap:
 PSYoungGen      total 339968K, used 199562K [0x00000000e0000000, 0x00000000fc300000, 0x0000000100000000)
  eden space 303616K, 57% used [0x00000000e0000000,0x00000000ea976288,0x00000000f2880000)
  from space 36352K, 71% used [0x00000000f2880000,0x00000000f41ec818,0x00000000f4c00000)
  to   space 38400K, 0% used [0x00000000f9d80000,0x00000000f9d80000,0x00000000fc300000)
 ParOldGen       total 140800K, used 53818K [0x00000000a0000000, 0x00000000a8980000, 0x00000000e0000000)
  object space 140800K, 38% used [0x00000000a0000000,0x00000000a348e820,0x00000000a8980000)
 Metaspace       used 72815K, capacity 76311K, committed 76544K, reserved 1116160K
  class space    used 9528K, capacity 10195K, committed 10240K, reserved 1048576K
GC Heap History (10 events):
Event: 15.809 GC heap before
{Heap before GC invocations=16 (full 3):
 PSYoungGen      total 243712K, used 241727K [0x00000000e0000000, 0x00000000f0600000, 0x0000000100000000)
  eden space 224256K, 99% used [0x00000000e0000000,0x00000000edaa7ba8,0x00000000edb00000)
  from space 19456K, 91% used [0x00000000ef000000,0x00000000f0168280,0x00000000f0300000)
  to   space 21504K, 0% used [0x00000000edb00000,0x00000000edb00000,0x00000000ef000000)
 ParOldGen       total 140800K, used 33589K [0x00000000a0000000, 0x00000000a8980000, 0x00000000e0000000)
  object space 140800K, 23% used [0x00000000a0000000,0x00000000a20cd5c8,0x00000000a8980000)
 Metaspace       used 67682K, capacity 70737K, committed 70912K, reserved 1110016K
  class space    used 9058K, capacity 9668K, committed 9728K, reserved 1048576K
Event: 15.817 GC heap after
Heap after GC invocations=16 (full 3):
 PSYoungGen      total 245760K, used 7287K [0x00000000e0000000, 0x00000000f2880000, 0x0000000100000000)
  eden space 224256K, 0% used [0x00000000e0000000,0x00000000e0000000,0x00000000edb00000)
  from space 21504K, 33% used [0x00000000edb00000,0x00000000ee21dea0,0x00000000ef000000)
  to   space 20992K, 0% used [0x00000000f1400000,0x00000000f1400000,0x00000000f2880000)
 ParOldGen       total 140800K, used 33597K [0x00000000a0000000, 0x00000000a8980000, 0x00000000e0000000)
  object space 140800K, 23% used [0x00000000a0000000,0x00000000a20cf5c8,0x00000000a8980000)
 Metaspace       used 67682K, capacity 70737K, committed 70912K, reserved 1110016K
  class space    used 9058K, capacity 9668K, committed 9728K, reserved 1048576K
}
Event: 16.031 GC heap before
{Heap before GC invocations=17 (full 3):
 PSYoungGen      total 245760K, used 231543K [0x00000000e0000000, 0x00000000f2880000, 0x0000000100000000)
  eden space 224256K, 100% used [0x00000000e0000000,0x00000000edb00000,0x00000000edb00000)
  from space 21504K, 33% used [0x00000000edb00000,0x00000000ee21dea0,0x00000000ef000000)
  to   space 20992K, 0% used [0x00000000f1400000,0x00000000f1400000,0x00000000f2880000)
 ParOldGen       total 140800K, used 33597K [0x00000000a0000000, 0x00000000a8980000, 0x00000000e0000000)
  object space 140800K, 23% used [0x00000000a0000000,0x00000000a20cf5c8,0x00000000a8980000)
 Metaspace       used 68492K, capacity 71519K, committed 71552K, reserved 1112064K
  class space    used 9200K, capacity 9837K, committed 9856K, reserved 1048576K
Event: 16.037 GC heap after
Heap after GC invocations=17 (full 3):
 PSYoungGen      total 282112K, used 3138K [0x00000000e0000000, 0x00000000f3280000, 0x0000000100000000)
  eden space 261120K, 0% used [0x00000000e0000000,0x00000000e0000000,0x00000000eff00000)
  from space 20992K, 14% used [0x00000000f1400000,0x00000000f1710bf8,0x00000000f2880000)
  to   space 21504K, 0% used [0x00000000eff00000,0x00000000eff00000,0x00000000f1400000)
 ParOldGen       total 140800K, used 33605K [0x00000000a0000000, 0x00000000a8980000, 0x00000000e0000000)
  object space 140800K, 23% used [0x00000000a0000000,0x00000000a20d15c8,0x00000000a8980000)
 Metaspace       used 68492K, capacity 71519K, committed 71552K, reserved 1112064K
  class space    used 9200K, capacity 9837K, committed 9856K, reserved 1048576K
}
Event: 45.249 GC heap before
{Heap before GC invocations=18 (full 3):
 PSYoungGen      total 282112K, used 264258K [0x00000000e0000000, 0x00000000f3280000, 0x0000000100000000)
  eden space 261120K, 100% used [0x00000000e0000000,0x00000000eff00000,0x00000000eff00000)
  from space 20992K, 14% used [0x00000000f1400000,0x00000000f1710bf8,0x00000000f2880000)
  to   space 21504K, 0% used [0x00000000eff00000,0x00000000eff00000,0x00000000f1400000)
 ParOldGen       total 140800K, used 33605K [0x00000000a0000000, 0x00000000a8980000, 0x00000000e0000000)
  object space 140800K, 23% used [0x00000000a0000000,0x00000000a20d15c8,0x00000000a8980000)
 Metaspace       used 72148K, capacity 75357K, committed 75520K, reserved 1114112K
  class space    used 9501K, capacity 10150K, committed 10240K, reserved 1048576K
Event: 45.333 GC heap after
Heap after GC invocations=18 (full 3):
 PSYoungGen      total 282624K, used 21487K [0x00000000e0000000, 0x00000000f6b80000, 0x0000000100000000)
  eden space 261120K, 0% used [0x00000000e0000000,0x00000000e0000000,0x00000000eff00000)
  from space 21504K, 99% used [0x00000000eff00000,0x00000000f13fbde8,0x00000000f1400000)
  to   space 32256K, 0% used [0x00000000f4c00000,0x00000000f4c00000,0x00000000f6b80000)
 ParOldGen       total 140800K, used 53810K [0x00000000a0000000, 0x00000000a8980000, 0x00000000e0000000)
  object space 140800K, 38% used [0x00000000a0000000,0x00000000a348c820,0x00000000a8980000)
 Metaspace       used 72148K, capacity 75357K, committed 75520K, reserved 1114112K
  class space    used 9501K, capacity 10150K, committed 10240K, reserved 1048576K
}
Event: 46.976 GC heap before
{Heap before GC invocations=19 (full 3):
 PSYoungGen      total 282624K, used 281870K [0x00000000e0000000, 0x00000000f6b80000, 0x0000000100000000)
  eden space 261120K, 99% used [0x00000000e0000000,0x00000000efe47d20,0x00000000eff00000)
  from space 21504K, 99% used [0x00000000eff00000,0x00000000f13fbde8,0x00000000f1400000)
  to   space 32256K, 0% used [0x00000000f4c00000,0x00000000f4c00000,0x00000000f6b80000)
 ParOldGen       total 140800K, used 53810K [0x00000000a0000000, 0x00000000a8980000, 0x00000000e0000000)
  object space 140800K, 38% used [0x00000000a0000000,0x00000000a348c820,0x00000000a8980000)
 Metaspace       used 72278K, capacity 75543K, committed 75776K, reserved 1114112K
  class space    used 9506K, capacity 10157K, committed 10240K, reserved 1048576K
Event: 47.012 GC heap after
Heap after GC invocations=19 (full 3):
 PSYoungGen      total 335872K, used 29218K [0x00000000e0000000, 0x00000000f7980000, 0x0000000100000000)
  eden space 303616K, 0% used [0x00000000e0000000,0x00000000e0000000,0x00000000f2880000)
  from space 32256K, 90% used [0x00000000f4c00000,0x00000000f6888990,0x00000000f6b80000)
  to   space 36352K, 0% used [0x00000000f2880000,0x00000000f2880000,0x00000000f4c00000)
 ParOldGen       total 140800K, used 53818K [0x00000000a0000000, 0x00000000a8980000, 0x00000000e0000000)
  object space 140800K, 38% used [0x00000000a0000000,0x00000000a348e820,0x00000000a8980000)
 Metaspace       used 72278K, capacity 75543K, committed 75776K, reserved 1114112K
  class space    used 9506K, capacity 10157K, committed 10240K, reserved 1048576K
}
Event: 47.158 GC heap before
{Heap before GC invocations=20 (full 3):
 PSYoungGen      total 335872K, used 332274K [0x00000000e0000000, 0x00000000f7980000, 0x0000000100000000)
  eden space 303616K, 99% used [0x00000000e0000000,0x00000000f27f3e98,0x00000000f2880000)
  from space 32256K, 90% used [0x00000000f4c00000,0x00000000f6888990,0x00000000f6b80000)
  to   space 36352K, 0% used [0x00000000f2880000,0x00000000f2880000,0x00000000f4c00000)
 ParOldGen       total 140800K, used 53818K [0x00000000a0000000, 0x00000000a8980000, 0x00000000e0000000)
  object space 140800K, 38% used [0x00000000a0000000,0x00000000a348e820,0x00000000a8980000)
 Metaspace       used 72278K, capacity 75543K, committed 75776K, reserved 1114112K
  class space    used 9506K, capacity 10157K, committed 10240K, reserved 1048576K
Event: 47.190 GC heap after
Heap after GC invocations=20 (full 3):
 PSYoungGen      total 339968K, used 26034K [0x00000000e0000000, 0x00000000fc300000, 0x0000000100000000)
  eden space 303616K, 0% used [0x00000000e0000000,0x00000000e0000000,0x00000000f2880000)
  from space 36352K, 71% used [0x00000000f2880000,0x00000000f41ec818,0x00000000f4c00000)
  to   space 38400K, 0% used [0x00000000f9d80000,0x00000000f9d80000,0x00000000fc300000)
 ParOldGen       total 140800K, used 53818K [0x00000000a0000000, 0x00000000a8980000, 0x00000000e0000000)
  object space 140800K, 38% used [0x00000000a0000000,0x00000000a348e820,0x00000000a8980000)
 Metaspace       used 72278K, capacity 75543K, committed 75776K, reserved 1114112K
  class space    used 9506K, capacity 10157K, committed 10240K, reserved 1048576K
}

