# JRE version: OpenJDK Runtime Environment (8.0_152-b02) (build 1.8.0_152-release-1024-b02)
# Java VM: OpenJDK 64-Bit Server VM (25.152-b02 mixed mode windows-amd64 compressed oops)
Heap:
 PSYoungGen      total 483328K, used 23368K [0x00000000e0000000, 0x0000000100000000, 0x0000000100000000)
  eden space 448000K, 4% used [0x00000000e0000000,0x00000000e129a708,0x00000000fb580000)
  from space 35328K, 12% used [0x00000000fb580000,0x00000000fb9b7aa8,0x00000000fd800000)
  to   space 34304K, 0% used [0x00000000fde80000,0x00000000fde80000,0x0000000100000000)
 ParOldGen       total 181248K, used 54911K [0x00000000a0000000, 0x00000000ab100000, 0x00000000e0000000)
  object space 181248K, 30% used [0x00000000a0000000,0x00000000a359fe48,0x00000000ab100000)
 Metaspace       used 78161K, capacity 81358K, committed 81624K, reserved 1120256K
  class space    used 10078K, capacity 10724K, committed 10752K, reserved 1048576K
GC Heap History (10 events):
Event: 27.110 GC heap before
{Heap before GC invocations=19 (full 4):
 PSYoungGen      total 342016K, used 300032K [0x00000000e0000000, 0x00000000f8a00000, 0x0000000100000000)
  eden space 300032K, 100% used [0x00000000e0000000,0x00000000f2500000,0x00000000f2500000)
  from space 41984K, 0% used [0x00000000f4e80000,0x00000000f4e80000,0x00000000f7780000)
  to   space 42496K, 0% used [0x00000000f2500000,0x00000000f2500000,0x00000000f4e80000)
 ParOldGen       total 181248K, used 41465K [0x00000000a0000000, 0x00000000ab100000, 0x00000000e0000000)
  object space 181248K, 22% used [0x00000000a0000000,0x00000000a287e7c8,0x00000000ab100000)
 Metaspace       used 75478K, capacity 78354K, committed 78936K, reserved 1118208K
  class space    used 9837K, capacity 10444K, committed 10624K, reserved 1048576K
Event: 27.135 GC heap after
Heap after GC invocations=19 (full 4):
 PSYoungGen      total 342528K, used 9468K [0x00000000e0000000, 0x00000000fe100000, 0x0000000100000000)
  eden space 300032K, 0% used [0x00000000e0000000,0x00000000e0000000,0x00000000f2500000)
  from space 42496K, 22% used [0x00000000f2500000,0x00000000f2e3f098,0x00000000f4e80000)
  to   space 40448K, 0% used [0x00000000fb980000,0x00000000fb980000,0x00000000fe100000)
 ParOldGen       total 181248K, used 41473K [0x00000000a0000000, 0x00000000ab100000, 0x00000000e0000000)
  object space 181248K, 22% used [0x00000000a0000000,0x00000000a28807c8,0x00000000ab100000)
 Metaspace       used 75478K, capacity 78354K, committed 78936K, reserved 1118208K
  class space    used 9837K, capacity 10444K, committed 10624K, reserved 1048576K
}
Event: 29.450 GC heap before
{Heap before GC invocations=20 (full 4):
 PSYoungGen      total 342528K, used 309187K [0x00000000e0000000, 0x00000000fe100000, 0x0000000100000000)
  eden space 300032K, 99% used [0x00000000e0000000,0x00000000f24b1f30,0x00000000f2500000)
  from space 42496K, 22% used [0x00000000f2500000,0x00000000f2e3f098,0x00000000f4e80000)
  to   space 40448K, 0% used [0x00000000fb980000,0x00000000fb980000,0x00000000fe100000)
 ParOldGen       total 181248K, used 41473K [0x00000000a0000000, 0x00000000ab100000, 0x00000000e0000000)
  object space 181248K, 22% used [0x00000000a0000000,0x00000000a28807c8,0x00000000ab100000)
 Metaspace       used 75898K, capacity 78810K, committed 79448K, reserved 1118208K
  class space    used 9871K, capacity 10484K, committed 10624K, reserved 1048576K
Event: 29.461 GC heap after
Heap after GC invocations=20 (full 4):
 PSYoungGen      total 427520K, used 9927K [0x00000000e0000000, 0x00000000fd380000, 0x0000000100000000)
  eden space 400896K, 0% used [0x00000000e0000000,0x00000000e0000000,0x00000000f8780000)
  from space 26624K, 37% used [0x00000000fb980000,0x00000000fc331e38,0x00000000fd380000)
  to   space 38912K, 0% used [0x00000000f8780000,0x00000000f8780000,0x00000000fad80000)
 ParOldGen       total 181248K, used 47447K [0x00000000a0000000, 0x00000000ab100000, 0x00000000e0000000)
  object space 181248K, 26% used [0x00000000a0000000,0x00000000a2e55e10,0x00000000ab100000)
 Metaspace       used 75898K, capacity 78810K, committed 79448K, reserved 1118208K
  class space    used 9871K, capacity 10484K, committed 10624K, reserved 1048576K
}
Event: 131.290 GC heap before
{Heap before GC invocations=21 (full 4):
 PSYoungGen      total 427520K, used 410823K [0x00000000e0000000, 0x00000000fd380000, 0x0000000100000000)
  eden space 400896K, 100% used [0x00000000e0000000,0x00000000f8780000,0x00000000f8780000)
  from space 26624K, 37% used [0x00000000fb980000,0x00000000fc331e38,0x00000000fd380000)
  to   space 38912K, 0% used [0x00000000f8780000,0x00000000f8780000,0x00000000fad80000)
 ParOldGen       total 181248K, used 47447K [0x00000000a0000000, 0x00000000ab100000, 0x00000000e0000000)
  object space 181248K, 26% used [0x00000000a0000000,0x00000000a2e55e10,0x00000000ab100000)
 Metaspace       used 77404K, capacity 80500K, committed 80856K, reserved 1120256K
  class space    used 10053K, capacity 10679K, committed 10752K, reserved 1048576K
Event: 131.310 GC heap after
Heap after GC invocations=21 (full 4):
 PSYoungGen      total 439808K, used 6871K [0x00000000e0000000, 0x0000000100000000, 0x0000000100000000)
  eden space 400896K, 0% used [0x00000000e0000000,0x00000000e0000000,0x00000000f8780000)
  from space 38912K, 17% used [0x00000000f8780000,0x00000000f8e35f58,0x00000000fad80000)
  to   space 37376K, 0% used [0x00000000fdb80000,0x00000000fdb80000,0x0000000100000000)
 ParOldGen       total 181248K, used 50704K [0x00000000a0000000, 0x00000000ab100000, 0x00000000e0000000)
  object space 181248K, 27% used [0x00000000a0000000,0x00000000a3184130,0x00000000ab100000)
 Metaspace       used 77404K, capacity 80500K, committed 80856K, reserved 1120256K
  class space    used 10053K, capacity 10679K, committed 10752K, reserved 1048576K
}
Event: 135.117 GC heap before
{Heap before GC invocations=22 (full 4):
 PSYoungGen      total 439808K, used 407767K [0x00000000e0000000, 0x0000000100000000, 0x0000000100000000)
  eden space 400896K, 100% used [0x00000000e0000000,0x00000000f8780000,0x00000000f8780000)
  from space 38912K, 17% used [0x00000000f8780000,0x00000000f8e35f58,0x00000000fad80000)
  to   space 37376K, 0% used [0x00000000fdb80000,0x00000000fdb80000,0x0000000100000000)
 ParOldGen       total 181248K, used 50704K [0x00000000a0000000, 0x00000000ab100000, 0x00000000e0000000)
  object space 181248K, 27% used [0x00000000a0000000,0x00000000a3184130,0x00000000ab100000)
 Metaspace       used 77862K, capacity 81026K, committed 81112K, reserved 1120256K
  class space    used 10066K, capacity 10702K, committed 10752K, reserved 1048576K
Event: 135.130 GC heap after
Heap after GC invocations=22 (full 4):
 PSYoungGen      total 479744K, used 11594K [0x00000000e0000000, 0x00000000ffa80000, 0x0000000100000000)
  eden space 448000K, 0% used [0x00000000e0000000,0x00000000e0000000,0x00000000fb580000)
  from space 31744K, 36% used [0x00000000fdb80000,0x00000000fe6d2b48,0x00000000ffa80000)
  to   space 35328K, 0% used [0x00000000fb580000,0x00000000fb580000,0x00000000fd800000)
 ParOldGen       total 181248K, used 54903K [0x00000000a0000000, 0x00000000ab100000, 0x00000000e0000000)
  object space 181248K, 30% used [0x00000000a0000000,0x00000000a359de48,0x00000000ab100000)
 Metaspace       used 77862K, capacity 81026K, committed 81112K, reserved 1120256K
  class space    used 10066K, capacity 10702K, committed 10752K, reserved 1048576K
}
Event: 155.188 GC heap before
{Heap before GC invocations=23 (full 4):
 PSYoungGen      total 479744K, used 459594K [0x00000000e0000000, 0x00000000ffa80000, 0x0000000100000000)
  eden space 448000K, 100% used [0x00000000e0000000,0x00000000fb580000,0x00000000fb580000)
  from space 31744K, 36% used [0x00000000fdb80000,0x00000000fe6d2b48,0x00000000ffa80000)
  to   space 35328K, 0% used [0x00000000fb580000,0x00000000fb580000,0x00000000fd800000)
 ParOldGen       total 181248K, used 54903K [0x00000000a0000000, 0x00000000ab100000, 0x00000000e0000000)
  object space 181248K, 30% used [0x00000000a0000000,0x00000000a359de48,0x00000000ab100000)
 Metaspace       used 78112K, capacity 81354K, committed 81624K, reserved 1120256K
  class space    used 10078K, capacity 10724K, committed 10752K, reserved 1048576K
Event: 155.199 GC heap after
Heap after GC invocations=23 (full 4):
 PSYoungGen      total 483328K, used 4318K [0x00000000e0000000, 0x0000000100000000, 0x0000000100000000)
  eden space 448000K, 0% used [0x00000000e0000000,0x00000000e0000000,0x00000000fb580000)
  from space 35328K, 12% used [0x00000000fb580000,0x00000000fb9b7aa8,0x00000000fd800000)
  to   space 34304K, 0% used [0x00000000fde80000,0x00000000fde80000,0x0000000100000000)
 ParOldGen       total 181248K, used 54911K [0x00000000a0000000, 0x00000000ab100000, 0x00000000e0000000)
  object space 181248K, 30% used [0x00000000a0000000,0x00000000a359fe48,0x00000000ab100000)
 Metaspace       used 78112K, capacity 81354K, committed 81624K, reserved 1120256K
  class space    used 10078K, capacity 10724K, committed 10752K, reserved 1048576K
}

